<?xml version="1.0" encoding="UTF-8"?>
<!-- Generated by org.testng.reporters.JUnitReportReporter -->
<testsuite skipped="0" hostname="LAPTOP-IAKU8825" name="testpacakage.SearchTestCases" tests="1" failures="0" timestamp="2023-07-23T18:00:06 IST" time="8.023" errors="0">
  <testcase name="searchWithTextinDes" time="8.023" classname="testpacakage.SearchTestCases"/>
  <system-out/>
</testsuite> <!-- testpacakage.SearchTestCases -->
