<?xml version="1.0" encoding="UTF-8"?>
<!-- Generated by org.testng.reporters.JUnitReportReporter -->
<testsuite skipped="0" hostname="LAPTOP-IAKU8825" name="testpacakage.LoginTextCase" tests="1" failures="0" timestamp="2023-07-22T16:41:15 IST" time="8.962" errors="0">
  <testcase name="forPassLink" time="8.962" classname="testpacakage.LoginTextCase"/>
  <system-out/>
</testsuite> <!-- testpacakage.LoginTextCase -->
