<?xml version="1.0" encoding="UTF-8"?>
<!-- Generated by org.testng.reporters.JUnitReportReporter -->
<testsuite skipped="0" hostname="LAPTOP-IAKU8825" name="testpacakage.ValidLoginTextCase" tests="1" failures="0" timestamp="2023-07-22T12:03:31 IST" time="11.969" errors="0">
  <testcase name="validLogin" time="11.969" classname="testpacakage.ValidLoginTextCase"/>
  <system-out/>
</testsuite> <!-- testpacakage.ValidLoginTextCase -->
