<?xml version="1.0" encoding="UTF-8"?>
<!-- Generated by org.testng.reporters.JUnitReportReporter -->
<testsuite skipped="0" hostname="LAPTOP-IAKU8825" name="testpacakage.LoginTextCase" tests="1" failures="0" timestamp="2023-07-23T13:43:11 IST" time="7.654" errors="0">
  <testcase name="validLogin" time="7.654" classname="testpacakage.LoginTextCase"/>
  <system-out/>
</testsuite> <!-- testpacakage.LoginTextCase -->
