<?xml version="1.0" encoding="UTF-8"?>
<!-- Generated by org.testng.reporters.JUnitReportReporter -->
<testsuite hostname="LAPTOP-IAKU8825" failures="0" tests="1" name="testpacakage.LogoutTestCase" time="8.939" errors="0" timestamp="2023-08-03T10:55:06 IST" skipped="0">
  <testcase classname="testpacakage.LogoutTestCase" name="LogoutfrmAcc" time="8.939"/>
  <system-out>
    <![CDATA[Browser Opened and Tsrt will Start
!!..Test executed successfully..!!]]>
  </system-out>
</testsuite> <!-- testpacakage.LogoutTestCase -->
